Build started 3/12/2015 12:46:15 AM.
     1>Project "C:\Users\Jodi-Ann\Documents\Visual Studio 2013\Projects\ConsoleApplication1\ConsoleApplication1\ConsoleApplication1.vcxproj" on node 2 (Build target(s)).
     1>ClCompile:
         C:\Program Files (x86)\Microsoft Visual Studio 12.0\VC\bin\CL.exe /c /AI"C:\Program Files (x86)\Reference Assemblies\Microsoft\Framework\.NETFramework\v4.0" /AI"C:\Program Files (x86)\Windows Kits\8.1\References\CommonConfiguration\Neutral" /Zi /clr /nologo /W3 /WX- /sdl /Od /Oy- /D WIN32 /D _DEBUG /D _CONSOLE /D _LIB /D _UNICODE /D UNICODE /EHa /MDd /GS /fp:precise /Zc:wchar_t /Zc:forScope /Yu"stdafx.h" /Fp"Debug\ConsoleApplication1.pch" /Fo"Debug\\" /Fd"Debug\vc120.pdb" /TP /FU"C:\Program Files (x86)\Reference Assemblies\Microsoft\Framework\.NETFramework\v4.0\mscorlib.dll" /FU"C:\Program Files (x86)\Reference Assemblies\Microsoft\Framework\.NETFramework\v4.0\System.Data.dll" /FU"C:\Program Files (x86)\Reference Assemblies\Microsoft\Framework\.NETFramework\v4.0\System.dll" /FU"C:\Program Files (x86)\Reference Assemblies\Microsoft\Framework\.NETFramework\v4.0\System.Drawing.dll" /FU"C:\Program Files (x86)\Reference Assemblies\Microsoft\Framework\.NETFramework\v4.0\System.Windows.Forms.dll" /FU"C:\Program Files (x86)\Reference Assemblies\Microsoft\Framework\.NETFramework\v4.0\System.Xml.dll" /analyze- /errorReport:prompt /clr:nostdlib DotSPeg.cpp "N-is-1.cpp"
         DotSPeg.cpp
         N-is-1.cpp
     1>N-is-1.cpp(185): warning C4244: '+=' : conversion from 'double' to 'int', possible loss of data
     1>N-is-1.cpp(200): warning C4244: '+=' : conversion from 'double' to 'int', possible loss of data
     1>N-is-1.cpp(124): warning C4101: 'b2' : unreferenced local variable
     1>N-is-1.cpp(122): warning C4101: 'g' : unreferenced local variable
     1>N-is-1.cpp(243): warning C4101: 'b2' : unreferenced local variable
     1>N-is-1.cpp(243): warning C4101: 'seedArea' : unreferenced local variable
     1>N-is-1.cpp(243): warning C4101: 'cbits' : unreferenced local variable
     1>N-is-1.cpp(455): warning C4244: 'return' : conversion from 'double' to 'int', possible loss of data
         Generating Code...
       Link:
         C:\Program Files (x86)\Microsoft Visual Studio 12.0\VC\bin\link.exe /ERRORREPORT:PROMPT /OUT:"C:\Users\Jodi-Ann\Documents\Visual Studio 2013\Projects\ConsoleApplication1\Debug\ConsoleApplication1.exe" /INCREMENTAL /NOLOGO kernel32.lib user32.lib gdi32.lib winspool.lib comdlg32.lib advapi32.lib shell32.lib ole32.lib oleaut32.lib uuid.lib odbc32.lib odbccp32.lib /ASSEMBLYRESOURCE:Debug\ConsoleApplication1.DotSPeg.resources /MANIFEST /MANIFESTUAC:"level='asInvoker' uiAccess='false'" /manifest:embed /DEBUG /PDB:"C:\Users\Jodi-Ann\Documents\Visual Studio 2013\Projects\ConsoleApplication1\Debug\ConsoleApplication1.pdb" /ASSEMBLYDEBUG /SUBSYSTEM:WINDOWS /TLBID:1 /ENTRY:"main" /DYNAMICBASE /FIXED:NO /NXCOMPAT /MACHINE:X86 Debug\DotSPeg.obj
         "Debug\N-is-1.obj"
         Debug\stdafx.obj
         "Debug\.NETFramework,Version=v4.0.AssemblyAttributes.obj"
         ConsoleApplication1.vcxproj -> C:\Users\Jodi-Ann\Documents\Visual Studio 2013\Projects\ConsoleApplication1\Debug\ConsoleApplication1.exe
     1>Done Building Project "C:\Users\Jodi-Ann\Documents\Visual Studio 2013\Projects\ConsoleApplication1\ConsoleApplication1\ConsoleApplication1.vcxproj" (Build target(s)).

Build succeeded.

Time Elapsed 00:00:03.09
